<?xml version="1.0" encoding="UTF-8"?>
<robot generator="Robot 3.2.1 (Python 3.7.1 on win32)" generated="20200522 10:04:04.449" rpa="false">
<suite id="s1" name="Test" source="C:\Users\1700485\Desktop\git_project\robotframework-learn\test.robot">
<test id="s1-t1" name="Open Google">
<kw name="test open browser and goto Google">
<kw name="Open Browser" library="Selenium2Library">
<doc>Opens a new browser instance to the optional ``url``.</doc>
<arguments>
<arg>http://google.com</arg>
<arg>chrome</arg>
</arguments>
<msg timestamp="20200522 10:04:04.732" level="INFO">Opening browser 'chrome' to base url 'http://google.com'.</msg>
<status status="PASS" starttime="20200522 10:04:04.732" endtime="20200522 10:04:22.519"></status>
</kw>
<status status="PASS" starttime="20200522 10:04:04.731" endtime="20200522 10:04:22.520"></status>
</kw>
<status status="PASS" starttime="20200522 10:04:04.731" endtime="20200522 10:04:22.521" critical="yes"></status>
</test>
<status status="PASS" starttime="20200522 10:04:04.455" endtime="20200522 10:04:22.523"></status>
</suite>
<statistics>
<total>
<stat pass="1" fail="0">Critical Tests</stat>
<stat pass="1" fail="0">All Tests</stat>
</total>
<tag>
</tag>
<suite>
<stat pass="1" fail="0" id="s1" name="Test">Test</stat>
</suite>
</statistics>
<errors>
</errors>
</robot>
